🔍 Querying Notion database: standards (173d6625c67980e4b3d9f08d0921d8f1)
HTTP Request: POST https://api.notion.com/v1/databases/173d6625c67980e4b3d9f08d0921d8f1/query "HTTP/1.1 200 OK"
HTTP Request: GET https://api.notion.com/v1/blocks/1e2d6625-c679-808f-a8a2-f0412ac81423/children "HTTP/1.1 200 OK"
HTTP Request: GET https://api.notion.com/v1/pages/21ad6625-c679-80a2-a43a-c7134df4e1c3 "HTTP/1.1 200 OK"
HTTP Request: GET https://api.notion.com/v1/pages/21ad6625-c679-80a2-a43a-c7134df4e1c3 "HTTP/1.1 200 OK"
HTTP Request: GET https://api.notion.com/v1/pages/1e7d6625-c679-804c-8e0c-d04a4f18d713 "HTTP/1.1 200 OK"
HTTP Request: GET https://api.notion.com/v1/pages/1e7d6625-c679-804c-8e0c-d04a4f18d713 "HTTP/1.1 200 OK"
HTTP Request: GET https://api.notion.com/v1/pages/1e2d6625-c679-800d-a30c-dfb0803cd1ce "HTTP/1.1 200 OK"
HTTP Request: GET https://api.notion.com/v1/pages/1e2d6625-c679-800d-a30c-dfb0803cd1ce "HTTP/1.1 200 OK"
HTTP Request: GET https://api.notion.com/v1/pages/1e2d6625-c679-80c5-8273-ee29f1219256 "HTTP/1.1 200 OK"
HTTP Request: GET https://api.notion.com/v1/pages/1e2d6625-c679-80c5-8273-ee29f1219256 "HTTP/1.1 200 OK"
HTTP Request: GET https://api.notion.com/v1/pages/1e2d6625-c679-80b0-a26a-d4a739fe9bfc "HTTP/1.1 200 OK"
HTTP Request: GET https://api.notion.com/v1/pages/1e2d6625-c679-80b0-a26a-d4a739fe9bfc "HTTP/1.1 200 OK"
HTTP Request: GET https://api.notion.com/v1/pages/1e2d6625-c679-80b6-80ed-e3d0853a49ba "HTTP/1.1 200 OK"
HTTP Request: GET https://api.notion.com/v1/pages/1e2d6625-c679-80b6-80ed-e3d0853a49ba "HTTP/1.1 200 OK"
HTTP Request: GET https://api.notion.com/v1/pages/1c0d6625-c679-8133-a9b7-c7afc5257773 "HTTP/1.1 200 OK"
HTTP Request: GET https://api.notion.com/v1/pages/1c0d6625-c679-8133-a9b7-c7afc5257773 "HTTP/1.1 200 OK"
HTTP Request: GET https://api.notion.com/v1/pages/1e2d6625-c679-8060-964a-cb9ffdcf31b4 "HTTP/1.1 200 OK"
HTTP Request: GET https://api.notion.com/v1/pages/1e2d6625-c679-8060-964a-cb9ffdcf31b4 "HTTP/1.1 200 OK"
HTTP Request: GET https://api.notion.com/v1/pages/1ded6625-c679-8114-ad5f-fb0f2e468641 "HTTP/1.1 200 OK"
HTTP Request: GET https://api.notion.com/v1/pages/1ded6625-c679-8114-ad5f-fb0f2e468641 "HTTP/1.1 200 OK"
HTTP Request: GET https://api.notion.com/v1/pages/1ded6625-c679-8154-9373-fef0b4c34cfc "HTTP/1.1 200 OK"
HTTP Request: GET https://api.notion.com/v1/pages/1ded6625-c679-8154-9373-fef0b4c34cfc "HTTP/1.1 200 OK"
HTTP Request: GET https://api.notion.com/v1/pages/1ded6625-c679-81c3-becf-e9f07bab344c "HTTP/1.1 200 OK"
HTTP Request: GET https://api.notion.com/v1/pages/1ded6625-c679-81c3-becf-e9f07bab344c "HTTP/1.1 200 OK"
HTTP Request: GET https://api.notion.com/v1/pages/1c0d6625-c679-8157-a1d5-e271c9d1b525 "HTTP/1.1 200 OK"
HTTP Request: GET https://api.notion.com/v1/pages/1c0d6625-c679-8157-a1d5-e271c9d1b525 "HTTP/1.1 200 OK"
HTTP Request: GET https://api.notion.com/v1/pages/1c0d6625-c679-8198-8e6e-d0ffaace308a "HTTP/1.1 200 OK"
HTTP Request: GET https://api.notion.com/v1/pages/1c0d6625-c679-8198-8e6e-d0ffaace308a "HTTP/1.1 200 OK"
HTTP Request: GET https://api.notion.com/v1/pages/1c0d6625-c679-8111-a257-f33bc0e34521 "HTTP/1.1 200 OK"
HTTP Request: GET https://api.notion.com/v1/pages/1c0d6625-c679-8111-a257-f33bc0e34521 "HTTP/1.1 200 OK"
HTTP Request: GET https://api.notion.com/v1/pages/1e2d6625-c679-8055-ab23-d04fdf155ef3 "HTTP/1.1 200 OK"
HTTP Request: GET https://api.notion.com/v1/pages/1e2d6625-c679-8055-ab23-d04fdf155ef3 "HTTP/1.1 200 OK"
HTTP Request: GET https://api.notion.com/v1/pages/1c0d6625-c679-8108-b8d1-fcce0345fb25 "HTTP/1.1 200 OK"
HTTP Request: GET https://api.notion.com/v1/pages/1c0d6625-c679-8108-b8d1-fcce0345fb25 "HTTP/1.1 200 OK"
HTTP Request: GET https://api.notion.com/v1/pages/1e2d6625-c679-80cc-a176-c218edf04c8c "HTTP/1.1 200 OK"
HTTP Request: GET https://api.notion.com/v1/pages/1e2d6625-c679-80cc-a176-c218edf04c8c "HTTP/1.1 200 OK"
HTTP Request: GET https://api.notion.com/v1/pages/1e2d6625-c679-80b1-9424-f3349dbf7cc9 "HTTP/1.1 200 OK"
HTTP Request: GET https://api.notion.com/v1/pages/1e2d6625-c679-80b1-9424-f3349dbf7cc9 "HTTP/1.1 200 OK"
HTTP Request: GET https://api.notion.com/v1/pages/1ded6625-c679-8012-8e50-d9122115f466 "HTTP/1.1 200 OK"
HTTP Request: GET https://api.notion.com/v1/pages/1ded6625-c679-8012-8e50-d9122115f466 "HTTP/1.1 200 OK"
HTTP Request: GET https://api.notion.com/v1/pages/1c0d6625-c679-81e7-8b3a-e96b981f9caf "HTTP/1.1 200 OK"
HTTP Request: GET https://api.notion.com/v1/pages/1c0d6625-c679-81e7-8b3a-e96b981f9caf "HTTP/1.1 200 OK"
HTTP Request: GET https://api.notion.com/v1/pages/1e2d6625-c679-80f4-8ad9-c0ff244151fc "HTTP/1.1 200 OK"
HTTP Request: GET https://api.notion.com/v1/pages/1e2d6625-c679-80f4-8ad9-c0ff244151fc "HTTP/1.1 200 OK"
HTTP Request: GET https://api.notion.com/v1/pages/1e2d6625-c679-808f-ad4c-f0a9525c4bb2 "HTTP/1.1 200 OK"
HTTP Request: GET https://api.notion.com/v1/pages/1e2d6625-c679-808f-ad4c-f0a9525c4bb2 "HTTP/1.1 200 OK"
HTTP Request: GET https://api.notion.com/v1/pages/21ed6625-c679-8069-85b6-fd865fef1fa7 "HTTP/1.1 200 OK"
HTTP Request: GET https://api.notion.com/v1/pages/21ed6625-c679-8069-85b6-fd865fef1fa7 "HTTP/1.1 200 OK"
HTTP Request: GET https://api.notion.com/v1/pages/1ded6625-c679-80a5-a96b-ef6335463fee "HTTP/1.1 200 OK"
HTTP Request: GET https://api.notion.com/v1/pages/1ded6625-c679-80a5-a96b-ef6335463fee "HTTP/1.1 200 OK"
HTTP Request: GET https://api.notion.com/v1/pages/1ded6625-c679-803f-816b-daf90923b75b "HTTP/1.1 200 OK"
HTTP Request: GET https://api.notion.com/v1/pages/1ded6625-c679-803f-816b-daf90923b75b "HTTP/1.1 200 OK"
HTTP Request: GET https://api.notion.com/v1/pages/1c0d6625-c679-817a-a231-d60968f3c009 "HTTP/1.1 200 OK"
HTTP Request: GET https://api.notion.com/v1/pages/1c0d6625-c679-817a-a231-d60968f3c009 "HTTP/1.1 200 OK"
HTTP Request: GET https://api.notion.com/v1/pages/1c0d6625-c679-819d-a61c-d4ef47d44533 "HTTP/1.1 200 OK"
HTTP Request: GET https://api.notion.com/v1/pages/1c0d6625-c679-819d-a61c-d4ef47d44533 "HTTP/1.1 200 OK"
HTTP Request: GET https://api.notion.com/v1/pages/1ded6625-c679-81df-a8f0-f938ad1fe7e5 "HTTP/1.1 200 OK"
HTTP Request: GET https://api.notion.com/v1/pages/1ded6625-c679-81df-a8f0-f938ad1fe7e5 "HTTP/1.1 200 OK"
HTTP Request: GET https://api.notion.com/v1/pages/1c0d6625-c679-81bc-a711-e160af4944df "HTTP/1.1 200 OK"
HTTP Request: GET https://api.notion.com/v1/pages/1c0d6625-c679-81bc-a711-e160af4944df "HTTP/1.1 200 OK"
HTTP Request: GET https://api.notion.com/v1/pages/1ddd6625-c679-8069-9a33-d4d9441454a7 "HTTP/1.1 200 OK"
HTTP Request: GET https://api.notion.com/v1/pages/1ddd6625-c679-8069-9a33-d4d9441454a7 "HTTP/1.1 200 OK"
HTTP Request: GET https://api.notion.com/v1/pages/1bad6625-c679-81e2-8945-dfe4a4d3ed24 "HTTP/1.1 200 OK"
HTTP Request: GET https://api.notion.com/v1/pages/1bad6625-c679-81e2-8945-dfe4a4d3ed24 "HTTP/1.1 200 OK"
HTTP Request: GET https://api.notion.com/v1/pages/1c0d6625-c679-8198-a773-f8528c63779b "HTTP/1.1 200 OK"
HTTP Request: GET https://api.notion.com/v1/pages/1c0d6625-c679-8198-a773-f8528c63779b "HTTP/1.1 200 OK"
HTTP Request: GET https://api.notion.com/v1/pages/1c0d6625-c679-8166-9bda-dfe0279b983f "HTTP/1.1 200 OK"
HTTP Request: GET https://api.notion.com/v1/pages/1c0d6625-c679-8166-9bda-dfe0279b983f "HTTP/1.1 200 OK"
HTTP Request: GET https://api.notion.com/v1/pages/5c018de2-36c3-4a7c-9352-ed4e902e2ce3 "HTTP/1.1 200 OK"
HTTP Request: GET https://api.notion.com/v1/pages/5c018de2-36c3-4a7c-9352-ed4e902e2ce3 "HTTP/1.1 200 OK"
HTTP Request: GET https://api.notion.com/v1/pages/1c0d6625-c679-81cd-8cf6-e14fcffa2c8c "HTTP/1.1 200 OK"
HTTP Request: GET https://api.notion.com/v1/pages/1c0d6625-c679-81cd-8cf6-e14fcffa2c8c "HTTP/1.1 200 OK"
HTTP Request: GET https://api.notion.com/v1/pages/1c0d6625-c679-8166-9c30-f424ffa5f751 "HTTP/1.1 200 OK"
HTTP Request: GET https://api.notion.com/v1/pages/1c0d6625-c679-8166-9c30-f424ffa5f751 "HTTP/1.1 200 OK"
HTTP Request: GET https://api.notion.com/v1/pages/1c0d6625-c679-8123-8f2a-e09ca820ad6f "HTTP/1.1 200 OK"
HTTP Request: GET https://api.notion.com/v1/pages/1c0d6625-c679-8123-8f2a-e09ca820ad6f "HTTP/1.1 200 OK"
HTTP Request: GET https://api.notion.com/v1/pages/1c0d6625-c679-81c0-9116-e291f596531e "HTTP/1.1 200 OK"
HTTP Request: GET https://api.notion.com/v1/pages/1c0d6625-c679-81c0-9116-e291f596531e "HTTP/1.1 200 OK"
HTTP Request: GET https://api.notion.com/v1/pages/1c0d6625-c679-81aa-b86e-d1c87e99acfe "HTTP/1.1 200 OK"
HTTP Request: GET https://api.notion.com/v1/pages/1c0d6625-c679-81aa-b86e-d1c87e99acfe "HTTP/1.1 200 OK"
HTTP Request: GET https://api.notion.com/v1/pages/14fd6625-c679-8020-9e64-d8e4520718f1 "HTTP/1.1 200 OK"
HTTP Request: GET https://api.notion.com/v1/pages/14fd6625-c679-8020-9e64-d8e4520718f1 "HTTP/1.1 200 OK"
HTTP Request: GET https://api.notion.com/v1/pages/1e2d6625-c679-80d8-8f2a-f99c346c276e "HTTP/1.1 200 OK"
HTTP Request: GET https://api.notion.com/v1/pages/1e2d6625-c679-80d8-8f2a-f99c346c276e "HTTP/1.1 200 OK"
HTTP Request: GET https://api.notion.com/v1/pages/21ad6625-c679-80ff-bf1a-c46ae2b9cda8 "HTTP/1.1 200 OK"
HTTP Request: GET https://api.notion.com/v1/pages/21ad6625-c679-80ff-bf1a-c46ae2b9cda8 "HTTP/1.1 200 OK"
HTTP Request: GET https://api.notion.com/v1/pages/1ded6625-c679-81fe-9d2b-f17131fea603 "HTTP/1.1 200 OK"
HTTP Request: GET https://api.notion.com/v1/pages/1ded6625-c679-81fe-9d2b-f17131fea603 "HTTP/1.1 200 OK"
HTTP Request: GET https://api.notion.com/v1/pages/1e2d6625-c679-80bf-89e4-f7e005252ef5 "HTTP/1.1 200 OK"
HTTP Request: GET https://api.notion.com/v1/pages/1e2d6625-c679-80bf-89e4-f7e005252ef5 "HTTP/1.1 200 OK"
HTTP Request: GET https://api.notion.com/v1/pages/1e2d6625-c679-8049-9e72-f108dffea78c "HTTP/1.1 200 OK"
HTTP Request: GET https://api.notion.com/v1/pages/1e2d6625-c679-8049-9e72-f108dffea78c "HTTP/1.1 200 OK"
HTTP Request: GET https://api.notion.com/v1/pages/221d6625-c679-80d7-b8f2-cb00107ed6c6 "HTTP/1.1 200 OK"
HTTP Request: GET https://api.notion.com/v1/pages/221d6625-c679-80d7-b8f2-cb00107ed6c6 "HTTP/1.1 200 OK"
HTTP Request: GET https://api.notion.com/v1/pages/221d6625-c679-80bd-9a9e-ffc9e0e5efae "HTTP/1.1 200 OK"
HTTP Request: GET https://api.notion.com/v1/pages/221d6625-c679-80bd-9a9e-ffc9e0e5efae "HTTP/1.1 200 OK"
HTTP Request: GET https://api.notion.com/v1/pages/221d6625-c679-8026-a505-d90988ecb709 "HTTP/1.1 200 OK"
HTTP Request: GET https://api.notion.com/v1/pages/221d6625-c679-8026-a505-d90988ecb709 "HTTP/1.1 200 OK"
HTTP Request: GET https://api.notion.com/v1/pages/221d6625-c679-8048-980d-f7a81a647070 "HTTP/1.1 200 OK"
HTTP Request: GET https://api.notion.com/v1/pages/221d6625-c679-8048-980d-f7a81a647070 "HTTP/1.1 200 OK"
HTTP Request: GET https://api.notion.com/v1/pages/221d6625-c679-8067-b26d-dc07bd775dd9 "HTTP/1.1 200 OK"
HTTP Request: GET https://api.notion.com/v1/pages/221d6625-c679-8067-b26d-dc07bd775dd9 "HTTP/1.1 200 OK"
HTTP Request: GET https://api.notion.com/v1/pages/21ed6625-c679-80df-b5b6-eaba6f4c18d7 "HTTP/1.1 200 OK"
HTTP Request: GET https://api.notion.com/v1/pages/21ed6625-c679-80df-b5b6-eaba6f4c18d7 "HTTP/1.1 200 OK"
HTTP Request: GET https://api.notion.com/v1/pages/21ad6625-c679-8023-b6a3-c36060725623 "HTTP/1.1 200 OK"
HTTP Request: GET https://api.notion.com/v1/pages/21ad6625-c679-8023-b6a3-c36060725623 "HTTP/1.1 200 OK"
HTTP Request: GET https://api.notion.com/v1/blocks/1ded6625-c679-8015-9f45-ebf8e1202e97/children "HTTP/1.1 200 OK"
HTTP Request: GET https://api.notion.com/v1/blocks/1ded6625-c679-80cf-9eee-c75e2e0f6a4f/children "HTTP/1.1 200 OK"
HTTP Request: GET https://api.notion.com/v1/pages/221d6625-c679-800d-b67a-d078008061ce "HTTP/1.1 200 OK"
HTTP Request: GET https://api.notion.com/v1/pages/221d6625-c679-800d-b67a-d078008061ce "HTTP/1.1 200 OK"
HTTP Request: GET https://api.notion.com/v1/blocks/1ded6625-c679-80fc-b10b-ed8eed0acb03/children "HTTP/1.1 200 OK"
HTTP Request: GET https://api.notion.com/v1/pages/1c0d6625-c679-8172-b832-c293cc8cb9a8 "HTTP/1.1 200 OK"
HTTP Request: GET https://api.notion.com/v1/pages/1c0d6625-c679-8172-b832-c293cc8cb9a8 "HTTP/1.1 200 OK"
HTTP Request: GET https://api.notion.com/v1/pages/1c0d6625-c679-8108-8f21-db91766fcf25 "HTTP/1.1 200 OK"
HTTP Request: GET https://api.notion.com/v1/pages/1c0d6625-c679-8108-8f21-db91766fcf25 "HTTP/1.1 200 OK"
HTTP Request: GET https://api.notion.com/v1/pages/1c0d6625-c679-8130-aa6a-c5f9d7c9cb3e "HTTP/1.1 200 OK"
HTTP Request: GET https://api.notion.com/v1/pages/1c0d6625-c679-8130-aa6a-c5f9d7c9cb3e "HTTP/1.1 200 OK"
HTTP Request: GET https://api.notion.com/v1/pages/1c0d6625-c679-8101-8623-f5f1586611f2 "HTTP/1.1 200 OK"
HTTP Request: GET https://api.notion.com/v1/pages/1c0d6625-c679-8101-8623-f5f1586611f2 "HTTP/1.1 200 OK"
HTTP Request: GET https://api.notion.com/v1/pages/1ded6625-c679-80ab-92f0-cae0d137924d "HTTP/1.1 200 OK"
HTTP Request: GET https://api.notion.com/v1/pages/1ded6625-c679-80ab-92f0-cae0d137924d "HTTP/1.1 200 OK"
HTTP Request: GET https://api.notion.com/v1/pages/1c0d6625-c679-81fa-bd5f-d8fdb57c659c "HTTP/1.1 200 OK"
HTTP Request: GET https://api.notion.com/v1/pages/1c0d6625-c679-81fa-bd5f-d8fdb57c659c "HTTP/1.1 200 OK"
HTTP Request: GET https://api.notion.com/v1/pages/1ded6625-c679-8055-9787-eb8b07b93342 "HTTP/1.1 200 OK"
HTTP Request: GET https://api.notion.com/v1/pages/1ded6625-c679-8055-9787-eb8b07b93342 "HTTP/1.1 200 OK"
HTTP Request: GET https://api.notion.com/v1/pages/1e2d6625-c679-802a-aac0-dca6fde516f5 "HTTP/1.1 200 OK"
HTTP Request: GET https://api.notion.com/v1/pages/1e2d6625-c679-802a-aac0-dca6fde516f5 "HTTP/1.1 200 OK"
HTTP Request: GET https://api.notion.com/v1/pages/1c0d6625-c679-816f-803c-ca441d97b01e "HTTP/1.1 200 OK"
HTTP Request: GET https://api.notion.com/v1/pages/1c0d6625-c679-816f-803c-ca441d97b01e "HTTP/1.1 200 OK"
HTTP Request: GET https://api.notion.com/v1/pages/1ded6625-c679-80e5-9c6a-da29528fcc11 "HTTP/1.1 200 OK"
HTTP Request: GET https://api.notion.com/v1/pages/1ded6625-c679-80e5-9c6a-da29528fcc11 "HTTP/1.1 200 OK"
HTTP Request: GET https://api.notion.com/v1/pages/1c0d6625-c679-81a4-8d3c-f4ffa904be56 "HTTP/1.1 200 OK"
HTTP Request: GET https://api.notion.com/v1/pages/1c0d6625-c679-81a4-8d3c-f4ffa904be56 "HTTP/1.1 200 OK"
HTTP Request: GET https://api.notion.com/v1/pages/1ded6625-c679-8025-bbd4-e69e018dd2f3 "HTTP/1.1 200 OK"
HTTP Request: GET https://api.notion.com/v1/pages/1ded6625-c679-8025-bbd4-e69e018dd2f3 "HTTP/1.1 200 OK"
HTTP Request: GET https://api.notion.com/v1/pages/1dcd6625-c679-809c-8810-d2b1a37350ee "HTTP/1.1 200 OK"
HTTP Request: GET https://api.notion.com/v1/pages/1dcd6625-c679-809c-8810-d2b1a37350ee "HTTP/1.1 200 OK"
HTTP Request: GET https://api.notion.com/v1/pages/1c0d6625-c679-81cb-9d59-f6666a76e5ae "HTTP/1.1 200 OK"
HTTP Request: GET https://api.notion.com/v1/pages/1c0d6625-c679-81cb-9d59-f6666a76e5ae "HTTP/1.1 200 OK"
HTTP Request: GET https://api.notion.com/v1/blocks/1bcd6625-c679-802e-bb29-cba68047cbf5/children "HTTP/1.1 200 OK"
HTTP Request: GET https://api.notion.com/v1/blocks/1bcd6625-c679-802e-bb29-cba68047cbf5/children?start_cursor=1e4d6625-c679-8038-a1e2-d15eb3d6cf66 "HTTP/1.1 200 OK"
HTTP Request: GET https://api.notion.com/v1/blocks/1bcd6625-c679-802e-bb29-cba68047cbf5/children?start_cursor=1e4d6625-c679-8087-bf99-f606196644b0 "HTTP/1.1 200 OK"
HTTP Request: GET https://api.notion.com/v1/blocks/1bcd6625-c679-802e-bb29-cba68047cbf5/children?start_cursor=1e4d6625-c679-8008-ac9b-f3598125adca "HTTP/1.1 200 OK"
HTTP Request: GET https://api.notion.com/v1/blocks/1bcd6625-c679-802e-bb29-cba68047cbf5/children?start_cursor=1e4d6625-c679-80e4-857f-d46ca5e49568 "HTTP/1.1 200 OK"
HTTP Request: GET https://api.notion.com/v1/blocks/1bcd6625-c679-802e-bb29-cba68047cbf5/children?start_cursor=1e4d6625-c679-807e-b385-c329b8e6bfa1 "HTTP/1.1 200 OK"
HTTP Request: GET https://api.notion.com/v1/blocks/1bcd6625-c679-802e-bb29-cba68047cbf5/children?start_cursor=1e4d6625-c679-8059-acb6-c1e500ce7ac1 "HTTP/1.1 200 OK"
HTTP Request: GET https://api.notion.com/v1/blocks/1bcd6625-c679-802e-bb29-cba68047cbf5/children?start_cursor=1e4d6625-c679-80b9-aced-ff6c89248d11 "HTTP/1.1 200 OK"
HTTP Request: GET https://api.notion.com/v1/blocks/1bcd6625-c679-802e-bb29-cba68047cbf5/children?start_cursor=1e4d6625-c679-80c5-a05c-d52ac1b898d1 "HTTP/1.1 200 OK"
HTTP Request: GET https://api.notion.com/v1/blocks/1bcd6625-c679-802e-bb29-cba68047cbf5/children?start_cursor=1e4d6625-c679-80bb-8e0e-fac9f462f8d3 "HTTP/1.1 200 OK"
HTTP Request: GET https://api.notion.com/v1/pages/1c0d6625-c679-8150-a5af-d970c0d43c95 "HTTP/1.1 200 OK"
HTTP Request: GET https://api.notion.com/v1/pages/1c0d6625-c679-8150-a5af-d970c0d43c95 "HTTP/1.1 200 OK"
HTTP Request: GET https://api.notion.com/v1/pages/1c0d6625-c679-81ef-b8c7-c8ea7f4a0f3f "HTTP/1.1 200 OK"
HTTP Request: GET https://api.notion.com/v1/pages/1c0d6625-c679-81ef-b8c7-c8ea7f4a0f3f "HTTP/1.1 200 OK"
HTTP Request: GET https://api.notion.com/v1/pages/1c0d6625-c679-812d-ab5e-d8007654d33c "HTTP/1.1 200 OK"
HTTP Request: GET https://api.notion.com/v1/pages/1c0d6625-c679-812d-ab5e-d8007654d33c "HTTP/1.1 200 OK"
HTTP Request: GET https://api.notion.com/v1/pages/1c0d6625-c679-8171-ad87-e131bc65ad21 "HTTP/1.1 200 OK"
HTTP Request: GET https://api.notion.com/v1/pages/1c0d6625-c679-8171-ad87-e131bc65ad21 "HTTP/1.1 200 OK"
HTTP Request: GET https://api.notion.com/v1/pages/1c0d6625-c679-8189-8ac7-e7d0e516bcee "HTTP/1.1 200 OK"
HTTP Request: GET https://api.notion.com/v1/pages/1c0d6625-c679-8189-8ac7-e7d0e516bcee "HTTP/1.1 200 OK"
HTTP Request: GET https://api.notion.com/v1/pages/1c0d6625-c679-81eb-b6c6-d4ffad052c27 "HTTP/1.1 200 OK"
HTTP Request: GET https://api.notion.com/v1/pages/1c0d6625-c679-81eb-b6c6-d4ffad052c27 "HTTP/1.1 200 OK"
HTTP Request: GET https://api.notion.com/v1/pages/1c0d6625-c679-8134-8a28-dfa26c08068e "HTTP/1.1 200 OK"
HTTP Request: GET https://api.notion.com/v1/pages/1c0d6625-c679-8134-8a28-dfa26c08068e "HTTP/1.1 200 OK"
HTTP Request: GET https://api.notion.com/v1/pages/1c0d6625-c679-819f-9b41-de75713e6a72 "HTTP/1.1 200 OK"
HTTP Request: GET https://api.notion.com/v1/pages/1c0d6625-c679-819f-9b41-de75713e6a72 "HTTP/1.1 200 OK"
HTTP Request: GET https://api.notion.com/v1/pages/1c0d6625-c679-81d5-b3ee-f55cb6180406 "HTTP/1.1 200 OK"
HTTP Request: GET https://api.notion.com/v1/pages/1c0d6625-c679-81d5-b3ee-f55cb6180406 "HTTP/1.1 200 OK"
HTTP Request: GET https://api.notion.com/v1/pages/223d6625-c679-8052-8847-f88acfda86ab "HTTP/1.1 200 OK"
HTTP Request: GET https://api.notion.com/v1/pages/223d6625-c679-8052-8847-f88acfda86ab "HTTP/1.1 200 OK"
HTTP Request: GET https://api.notion.com/v1/pages/1c0d6625-c679-811a-af92-dd9d451224c7 "HTTP/1.1 200 OK"
HTTP Request: GET https://api.notion.com/v1/pages/1c0d6625-c679-811a-af92-dd9d451224c7 "HTTP/1.1 200 OK"
HTTP Request: GET https://api.notion.com/v1/pages/1e2d6625-c679-8034-8d02-ca7d674d03fd "HTTP/1.1 200 OK"
HTTP Request: GET https://api.notion.com/v1/pages/1e2d6625-c679-8034-8d02-ca7d674d03fd "HTTP/1.1 200 OK"
HTTP Request: GET https://api.notion.com/v1/pages/1ded6625-c679-8094-9d06-f8bd32162c1b "HTTP/1.1 200 OK"
HTTP Request: GET https://api.notion.com/v1/pages/1ded6625-c679-8094-9d06-f8bd32162c1b "HTTP/1.1 200 OK"
HTTP Request: GET https://api.notion.com/v1/pages/1ded6625-c679-814c-aaec-d88d35dae96c "HTTP/1.1 200 OK"
HTTP Request: GET https://api.notion.com/v1/pages/1ded6625-c679-814c-aaec-d88d35dae96c "HTTP/1.1 200 OK"
HTTP Request: GET https://api.notion.com/v1/pages/1c0d6625-c679-8167-aeb1-e9cf7b5cb980 "HTTP/1.1 200 OK"
HTTP Request: GET https://api.notion.com/v1/pages/1c0d6625-c679-8167-aeb1-e9cf7b5cb980 "HTTP/1.1 200 OK"
HTTP Request: GET https://api.notion.com/v1/pages/1c0d6625-c679-8181-aa04-c918ff11abac "HTTP/1.1 200 OK"
HTTP Request: GET https://api.notion.com/v1/pages/1c0d6625-c679-8181-aa04-c918ff11abac "HTTP/1.1 200 OK"
HTTP Request: GET https://api.notion.com/v1/pages/1c0d6625-c679-81bb-80d0-f113e991d2dd "HTTP/1.1 200 OK"
HTTP Request: GET https://api.notion.com/v1/pages/1c0d6625-c679-81bb-80d0-f113e991d2dd "HTTP/1.1 200 OK"
HTTP Request: GET https://api.notion.com/v1/pages/1c0d6625-c679-813f-8faa-c5f8bde6aadb "HTTP/1.1 200 OK"
HTTP Request: GET https://api.notion.com/v1/pages/1c0d6625-c679-813f-8faa-c5f8bde6aadb "HTTP/1.1 200 OK"
HTTP Request: GET https://api.notion.com/v1/pages/1a2d6625-c679-8076-9681-e34eccef1294 "HTTP/1.1 200 OK"
HTTP Request: GET https://api.notion.com/v1/pages/1a2d6625-c679-8076-9681-e34eccef1294 "HTTP/1.1 200 OK"
HTTP Request: GET https://api.notion.com/v1/pages/1c0d6625-c679-8097-89c7-f2d058116490 "HTTP/1.1 200 OK"
HTTP Request: GET https://api.notion.com/v1/pages/1c0d6625-c679-8097-89c7-f2d058116490 "HTTP/1.1 200 OK"
HTTP Request: GET https://api.notion.com/v1/pages/1c0d6625-c679-810c-b166-eac5ff17c64d "HTTP/1.1 200 OK"
HTTP Request: GET https://api.notion.com/v1/pages/1c0d6625-c679-810c-b166-eac5ff17c64d "HTTP/1.1 200 OK"
HTTP Request: GET https://api.notion.com/v1/pages/1c0d6625-c679-81b2-97cd-c7c35880c9fc "HTTP/1.1 200 OK"
HTTP Request: GET https://api.notion.com/v1/pages/1c0d6625-c679-81b2-97cd-c7c35880c9fc "HTTP/1.1 200 OK"
HTTP Request: GET https://api.notion.com/v1/pages/14ad6625-c679-8057-94cb-ef5ac6ee0beb "HTTP/1.1 200 OK"
HTTP Request: GET https://api.notion.com/v1/pages/14ad6625-c679-8057-94cb-ef5ac6ee0beb "HTTP/1.1 200 OK"
HTTP Request: GET https://api.notion.com/v1/pages/1c0d6625-c679-817a-bd55-fc1c67fcde0f "HTTP/1.1 200 OK"
HTTP Request: GET https://api.notion.com/v1/pages/1c0d6625-c679-817a-bd55-fc1c67fcde0f "HTTP/1.1 200 OK"
HTTP Request: GET https://api.notion.com/v1/pages/1dbd6625-c679-807c-8249-fb71fb4c8476 "HTTP/1.1 200 OK"
HTTP Request: GET https://api.notion.com/v1/pages/1dbd6625-c679-807c-8249-fb71fb4c8476 "HTTP/1.1 200 OK"
HTTP Request: GET https://api.notion.com/v1/pages/1c0d6625-c679-8164-b943-c666010daba5 "HTTP/1.1 200 OK"
HTTP Request: GET https://api.notion.com/v1/pages/1c0d6625-c679-8164-b943-c666010daba5 "HTTP/1.1 200 OK"
HTTP Request: GET https://api.notion.com/v1/pages/1b5d6625-c679-8072-b502-e17d0980c6d8 "HTTP/1.1 200 OK"
HTTP Request: GET https://api.notion.com/v1/pages/1b5d6625-c679-8072-b502-e17d0980c6d8 "HTTP/1.1 200 OK"
HTTP Request: GET https://api.notion.com/v1/pages/224d6625-c679-805d-9214-d16198589851 "HTTP/1.1 200 OK"
HTTP Request: GET https://api.notion.com/v1/pages/224d6625-c679-805d-9214-d16198589851 "HTTP/1.1 200 OK"
HTTP Request: GET https://api.notion.com/v1/pages/b7c5a587-1a29-464b-a931-5bac3cdd11ac "HTTP/1.1 200 OK"
HTTP Request: GET https://api.notion.com/v1/pages/b7c5a587-1a29-464b-a931-5bac3cdd11ac "HTTP/1.1 200 OK"
HTTP Request: GET https://api.notion.com/v1/pages/1a2d6625-c679-8036-b5de-ebd5fbf6ac0b "HTTP/1.1 200 OK"
HTTP Request: GET https://api.notion.com/v1/pages/1a2d6625-c679-8036-b5de-ebd5fbf6ac0b "HTTP/1.1 200 OK"
HTTP Request: GET https://api.notion.com/v1/pages/1c0d6625-c679-81e3-8e29-e53220410c42 "HTTP/1.1 200 OK"
HTTP Request: GET https://api.notion.com/v1/pages/1c0d6625-c679-81e3-8e29-e53220410c42 "HTTP/1.1 200 OK"
HTTP Request: GET https://api.notion.com/v1/pages/1ded6625-c679-812f-a44f-f3486fcc6a1b "HTTP/1.1 200 OK"
HTTP Request: GET https://api.notion.com/v1/pages/1ded6625-c679-812f-a44f-f3486fcc6a1b "HTTP/1.1 200 OK"
HTTP Request: GET https://api.notion.com/v1/pages/223d6625-c679-809e-b08d-d7f218f9aff1 "HTTP/1.1 200 OK"
HTTP Request: GET https://api.notion.com/v1/pages/223d6625-c679-809e-b08d-d7f218f9aff1 "HTTP/1.1 200 OK"
HTTP Request: GET https://api.notion.com/v1/pages/1c0d6625-c679-8155-ad1a-f5cbca409855 "HTTP/1.1 200 OK"
HTTP Request: GET https://api.notion.com/v1/pages/1c0d6625-c679-8155-ad1a-f5cbca409855 "HTTP/1.1 200 OK"
HTTP Request: GET https://api.notion.com/v1/pages/1c0d6625-c679-811d-9838-c1a2a39f7c58 "HTTP/1.1 200 OK"
HTTP Request: GET https://api.notion.com/v1/pages/1c0d6625-c679-811d-9838-c1a2a39f7c58 "HTTP/1.1 200 OK"
HTTP Request: GET https://api.notion.com/v1/pages/1c0d6625-c679-8145-af23-ca6e8f86029c "HTTP/1.1 200 OK"
HTTP Request: GET https://api.notion.com/v1/pages/1c0d6625-c679-8145-af23-ca6e8f86029c "HTTP/1.1 200 OK"
HTTP Request: GET https://api.notion.com/v1/pages/1c0d6625-c679-814f-bf5c-d13774f65f67 "HTTP/1.1 200 OK"
HTTP Request: GET https://api.notion.com/v1/pages/1c0d6625-c679-814f-bf5c-d13774f65f67 "HTTP/1.1 200 OK"
HTTP Request: GET https://api.notion.com/v1/pages/1c0d6625-c679-81d3-8c47-d0492ef2a3e6 "HTTP/1.1 200 OK"
HTTP Request: GET https://api.notion.com/v1/pages/1c0d6625-c679-81d3-8c47-d0492ef2a3e6 "HTTP/1.1 200 OK"
HTTP Request: GET https://api.notion.com/v1/pages/1c0d6625-c679-8103-84fd-f293b466d491 "HTTP/1.1 200 OK"
HTTP Request: GET https://api.notion.com/v1/pages/1c0d6625-c679-8103-84fd-f293b466d491 "HTTP/1.1 200 OK"
HTTP Request: GET https://api.notion.com/v1/pages/1ded6625-c679-8172-930e-c3d97ba1ba01 "HTTP/1.1 200 OK"
